# JRE version: Java(TM) SE Runtime Environment 18.9 (11.0.8+10) (build 11.0.8+10-LTS)
# Java VM: Java HotSpot(TM) 64-Bit Server VM 18.9 (11.0.8+10-LTS, mixed mode, tiered, compressed oops, parallel gc, windows-amd64)
Heap:
 PSYoungGen      total 8704K, used 2605K [0x00000000eab00000, 0x00000000eb600000, 0x0000000100000000)
  eden space 8192K, 27% used [0x00000000eab00000,0x00000000ead2b470,0x00000000eb300000)
  from space 512K, 75% used [0x00000000eb500000,0x00000000eb560010,0x00000000eb580000)
  to   space 512K, 0% used [0x00000000eb580000,0x00000000eb580000,0x00000000eb600000)
 ParOldGen       total 134144K, used 101893K [0x00000000c0000000, 0x00000000c8300000, 0x00000000eab00000)
  object space 134144K, 75% used [0x00000000c0000000,0x00000000c6381438,0x00000000c8300000)
 Metaspace       used 83431K, capacity 87401K, committed 87640K, reserved 1128448K
  class space    used 7416K, capacity 8713K, committed 8832K, reserved 1048576K
GC Heap History (10 events):
Event: 60419.220 GC heap before
{Heap before GC invocations=7986 (full 239):
 PSYoungGen      total 8704K, used 8384K [0x00000000eab00000, 0x00000000eb680000, 0x0000000100000000)
  eden space 8192K, 100% used [0x00000000eab00000,0x00000000eb300000,0x00000000eb300000)
  from space 512K, 37% used [0x00000000eb600000,0x00000000eb630000,0x00000000eb680000)
  to   space 1536K, 0% used [0x00000000eb380000,0x00000000eb380000,0x00000000eb500000)
 ParOldGen       total 134144K, used 101893K [0x00000000c0000000, 0x00000000c8300000, 0x00000000eab00000)
  object space 134144K, 75% used [0x00000000c0000000,0x00000000c6381438,0x00000000c8300000)
 Metaspace       used 83426K, capacity 87401K, committed 87640K, reserved 1128448K
  class space    used 7416K, capacity 8713K, committed 8832K, reserved 1048576K
}
Event: 60419.221 GC heap after
{Heap after GC invocations=7986 (full 239):
 PSYoungGen      total 9728K, used 655K [0x00000000eab00000, 0x00000000eb680000, 0x0000000100000000)
  eden space 8192K, 0% used [0x00000000eab00000,0x00000000eab00000,0x00000000eb300000)
  from space 1536K, 42% used [0x00000000eb380000,0x00000000eb423f20,0x00000000eb500000)
  to   space 1024K, 0% used [0x00000000eb580000,0x00000000eb580000,0x00000000eb680000)
 ParOldGen       total 134144K, used 101893K [0x00000000c0000000, 0x00000000c8300000, 0x00000000eab00000)
  object space 134144K, 75% used [0x00000000c0000000,0x00000000c6381438,0x00000000c8300000)
 Metaspace       used 83426K, capacity 87401K, committed 87640K, reserved 1128448K
  class space    used 7416K, capacity 8713K, committed 8832K, reserved 1048576K
}
Event: 60419.235 GC heap before
{Heap before GC invocations=7987 (full 239):
 PSYoungGen      total 9728K, used 8847K [0x00000000eab00000, 0x00000000eb680000, 0x0000000100000000)
  eden space 8192K, 100% used [0x00000000eab00000,0x00000000eb300000,0x00000000eb300000)
  from space 1536K, 42% used [0x00000000eb380000,0x00000000eb423f20,0x00000000eb500000)
  to   space 1024K, 0% used [0x00000000eb580000,0x00000000eb580000,0x00000000eb680000)
 ParOldGen       total 134144K, used 101893K [0x00000000c0000000, 0x00000000c8300000, 0x00000000eab00000)
  object space 134144K, 75% used [0x00000000c0000000,0x00000000c6381438,0x00000000c8300000)
 Metaspace       used 83426K, capacity 87401K, committed 87640K, reserved 1128448K
  class space    used 7416K, capacity 8713K, committed 8832K, reserved 1048576K
}
Event: 60419.236 GC heap after
{Heap after GC invocations=7987 (full 239):
 PSYoungGen      total 8704K, used 288K [0x00000000eab00000, 0x00000000eb600000, 0x0000000100000000)
  eden space 8192K, 0% used [0x00000000eab00000,0x00000000eab00000,0x00000000eb300000)
  from space 512K, 56% used [0x00000000eb580000,0x00000000eb5c8000,0x00000000eb600000)
  to   space 512K, 0% used [0x00000000eb500000,0x00000000eb500000,0x00000000eb580000)
 ParOldGen       total 134144K, used 101893K [0x00000000c0000000, 0x00000000c8300000, 0x00000000eab00000)
  object space 134144K, 75% used [0x00000000c0000000,0x00000000c6381438,0x00000000c8300000)
 Metaspace       used 83426K, capacity 87401K, committed 87640K, reserved 1128448K
  class space    used 7416K, capacity 8713K, committed 8832K, reserved 1048576K
}
Event: 60572.083 GC heap before
{Heap before GC invocations=7988 (full 239):
 PSYoungGen      total 8704K, used 8480K [0x00000000eab00000, 0x00000000eb600000, 0x0000000100000000)
  eden space 8192K, 100% used [0x00000000eab00000,0x00000000eb300000,0x00000000eb300000)
  from space 512K, 56% used [0x00000000eb580000,0x00000000eb5c8000,0x00000000eb600000)
  to   space 512K, 0% used [0x00000000eb500000,0x00000000eb500000,0x00000000eb580000)
 ParOldGen       total 134144K, used 101893K [0x00000000c0000000, 0x00000000c8300000, 0x00000000eab00000)
  object space 134144K, 75% used [0x00000000c0000000,0x00000000c6381438,0x00000000c8300000)
 Metaspace       used 83427K, capacity 87401K, committed 87640K, reserved 1128448K
  class space    used 7416K, capacity 8713K, committed 8832K, reserved 1048576K
}
Event: 60572.084 GC heap after
{Heap after GC invocations=7988 (full 239):
 PSYoungGen      total 8704K, used 288K [0x00000000eab00000, 0x00000000eb600000, 0x0000000100000000)
  eden space 8192K, 0% used [0x00000000eab00000,0x00000000eab00000,0x00000000eb300000)
  from space 512K, 56% used [0x00000000eb500000,0x00000000eb548010,0x00000000eb580000)
  to   space 512K, 0% used [0x00000000eb580000,0x00000000eb580000,0x00000000eb600000)
 ParOldGen       total 134144K, used 101893K [0x00000000c0000000, 0x00000000c8300000, 0x00000000eab00000)
  object space 134144K, 75% used [0x00000000c0000000,0x00000000c6381438,0x00000000c8300000)
 Metaspace       used 83427K, capacity 87401K, committed 87640K, reserved 1128448K
  class space    used 7416K, capacity 8713K, committed 8832K, reserved 1048576K
}
Event: 60572.148 GC heap before
{Heap before GC invocations=7989 (full 239):
 PSYoungGen      total 8704K, used 8480K [0x00000000eab00000, 0x00000000eb600000, 0x0000000100000000)
  eden space 8192K, 100% used [0x00000000eab00000,0x00000000eb300000,0x00000000eb300000)
  from space 512K, 56% used [0x00000000eb500000,0x00000000eb548010,0x00000000eb580000)
  to   space 512K, 0% used [0x00000000eb580000,0x00000000eb580000,0x00000000eb600000)
 ParOldGen       total 134144K, used 101893K [0x00000000c0000000, 0x00000000c8300000, 0x00000000eab00000)
  object space 134144K, 75% used [0x00000000c0000000,0x00000000c6381438,0x00000000c8300000)
 Metaspace       used 83428K, capacity 87401K, committed 87640K, reserved 1128448K
  class space    used 7416K, capacity 8713K, committed 8832K, reserved 1048576K
}
Event: 60572.149 GC heap after
{Heap after GC invocations=7989 (full 239):
 PSYoungGen      total 8704K, used 352K [0x00000000eab00000, 0x00000000eb600000, 0x0000000100000000)
  eden space 8192K, 0% used [0x00000000eab00000,0x00000000eab00000,0x00000000eb300000)
  from space 512K, 68% used [0x00000000eb580000,0x00000000eb5d8010,0x00000000eb600000)
  to   space 512K, 0% used [0x00000000eb500000,0x00000000eb500000,0x00000000eb580000)
 ParOldGen       total 134144K, used 101893K [0x00000000c0000000, 0x00000000c8300000, 0x00000000eab00000)
  object space 134144K, 75% used [0x00000000c0000000,0x00000000c6381438,0x00000000c8300000)
 Metaspace       used 83428K, capacity 87401K, committed 87640K, reserved 1128448K
  class space    used 7416K, capacity 8713K, committed 8832K, reserved 1048576K
}
Event: 60572.174 GC heap before
{Heap before GC invocations=7990 (full 239):
 PSYoungGen      total 8704K, used 8544K [0x00000000eab00000, 0x00000000eb600000, 0x0000000100000000)
  eden space 8192K, 100% used [0x00000000eab00000,0x00000000eb300000,0x00000000eb300000)
  from space 512K, 68% used [0x00000000eb580000,0x00000000eb5d8010,0x00000000eb600000)
  to   space 512K, 0% used [0x00000000eb500000,0x00000000eb500000,0x00000000eb580000)
 ParOldGen       total 134144K, used 101893K [0x00000000c0000000, 0x00000000c8300000, 0x00000000eab00000)
  object space 134144K, 75% used [0x00000000c0000000,0x00000000c6381438,0x00000000c8300000)
 Metaspace       used 83430K, capacity 87401K, committed 87640K, reserved 1128448K
  class space    used 7416K, capacity 8713K, committed 8832K, reserved 1048576K
}
Event: 60572.175 GC heap after
{Heap after GC invocations=7990 (full 239):
 PSYoungGen      total 8704K, used 384K [0x00000000eab00000, 0x00000000eb600000, 0x0000000100000000)
  eden space 8192K, 0% used [0x00000000eab00000,0x00000000eab00000,0x00000000eb300000)
  from space 512K, 75% used [0x00000000eb500000,0x00000000eb560010,0x00000000eb580000)
  to   space 512K, 0% used [0x00000000eb580000,0x00000000eb580000,0x00000000eb600000)
 ParOldGen       total 134144K, used 101893K [0x00000000c0000000, 0x00000000c8300000, 0x00000000eab00000)
  object space 134144K, 75% used [0x00000000c0000000,0x00000000c6381438,0x00000000c8300000)
 Metaspace       used 83430K, capacity 87401K, committed 87640K, reserved 1128448K
  class space    used 7416K, capacity 8713K, committed 8832K, reserved 1048576K
}

