# JRE version: Java(TM) SE Runtime Environment 18.9 (11.0.8+10) (build 11.0.8+10-LTS)
# Java VM: Java HotSpot(TM) 64-Bit Server VM 18.9 (11.0.8+10-LTS, mixed mode, tiered, compressed oops, parallel gc, windows-amd64)
Heap:
 PSYoungGen      total 2560K, used 262K [0x00000000eab00000, 0x00000000eb000000, 0x0000000100000000)
  eden space 2048K, 9% used [0x00000000eab00000,0x00000000eab319b0,0x00000000ead00000)
  from space 512K, 12% used [0x00000000eaf00000,0x00000000eaf10000,0x00000000eaf80000)
  to   space 512K, 0% used [0x00000000eaf80000,0x00000000eaf80000,0x00000000eb000000)
 ParOldGen       total 166400K, used 150894K [0x00000000c0000000, 0x00000000ca280000, 0x00000000eab00000)
  object space 166400K, 90% used [0x00000000c0000000,0x00000000c935b910,0x00000000ca280000)
 Metaspace       used 88680K, capacity 92665K, committed 92800K, reserved 1132544K
  class space    used 8159K, capacity 9530K, committed 9600K, reserved 1048576K
GC Heap History (10 events):
Event: 748.970 GC heap before
{Heap before GC invocations=3133 (full 39):
 PSYoungGen      total 2048K, used 1760K [0x00000000eab00000, 0x00000000eb000000, 0x0000000100000000)
  eden space 1536K, 100% used [0x00000000eab00000,0x00000000eac80000,0x00000000eac80000)
  from space 512K, 43% used [0x00000000eaf80000,0x00000000eafb8000,0x00000000eb000000)
  to   space 512K, 0% used [0x00000000eaf00000,0x00000000eaf00000,0x00000000eaf80000)
 ParOldGen       total 166400K, used 149644K [0x00000000c0000000, 0x00000000ca280000, 0x00000000eab00000)
  object space 166400K, 89% used [0x00000000c0000000,0x00000000c92230d8,0x00000000ca280000)
 Metaspace       used 88656K, capacity 92536K, committed 92800K, reserved 1132544K
  class space    used 8159K, capacity 9530K, committed 9600K, reserved 1048576K
}
Event: 748.971 GC heap after
{Heap after GC invocations=3133 (full 39):
 PSYoungGen      total 2048K, used 192K [0x00000000eab00000, 0x00000000eb000000, 0x0000000100000000)
  eden space 1536K, 0% used [0x00000000eab00000,0x00000000eab00000,0x00000000eac80000)
  from space 512K, 37% used [0x00000000eaf00000,0x00000000eaf30000,0x00000000eaf80000)
  to   space 512K, 0% used [0x00000000eaf80000,0x00000000eaf80000,0x00000000eb000000)
 ParOldGen       total 166400K, used 149700K [0x00000000c0000000, 0x00000000ca280000, 0x00000000eab00000)
  object space 166400K, 89% used [0x00000000c0000000,0x00000000c92310d8,0x00000000ca280000)
 Metaspace       used 88656K, capacity 92536K, committed 92800K, reserved 1132544K
  class space    used 8159K, capacity 9530K, committed 9600K, reserved 1048576K
}
Event: 750.554 GC heap before
{Heap before GC invocations=3134 (full 39):
 PSYoungGen      total 2048K, used 1727K [0x00000000eab00000, 0x00000000eb000000, 0x0000000100000000)
  eden space 1536K, 99% used [0x00000000eab00000,0x00000000eac7ffc0,0x00000000eac80000)
  from space 512K, 37% used [0x00000000eaf00000,0x00000000eaf30000,0x00000000eaf80000)
  to   space 512K, 0% used [0x00000000eaf80000,0x00000000eaf80000,0x00000000eb000000)
 ParOldGen       total 166400K, used 149700K [0x00000000c0000000, 0x00000000ca280000, 0x00000000eab00000)
  object space 166400K, 89% used [0x00000000c0000000,0x00000000c92310d8,0x00000000ca280000)
 Metaspace       used 88656K, capacity 92536K, committed 92800K, reserved 1132544K
  class space    used 8159K, capacity 9530K, committed 9600K, reserved 1048576K
}
Event: 750.556 GC heap after
{Heap after GC invocations=3134 (full 39):
 PSYoungGen      total 2048K, used 160K [0x00000000eab00000, 0x00000000eb000000, 0x0000000100000000)
  eden space 1536K, 0% used [0x00000000eab00000,0x00000000eab00000,0x00000000eac80000)
  from space 512K, 31% used [0x00000000eaf80000,0x00000000eafa8000,0x00000000eb000000)
  to   space 512K, 0% used [0x00000000eaf00000,0x00000000eaf00000,0x00000000eaf80000)
 ParOldGen       total 166400K, used 149740K [0x00000000c0000000, 0x00000000ca280000, 0x00000000eab00000)
  object space 166400K, 89% used [0x00000000c0000000,0x00000000c923b0d8,0x00000000ca280000)
 Metaspace       used 88656K, capacity 92536K, committed 92800K, reserved 1132544K
  class space    used 8159K, capacity 9530K, committed 9600K, reserved 1048576K
}
Event: 750.877 GC heap before
{Heap before GC invocations=3135 (full 39):
 PSYoungGen      total 2048K, used 1696K [0x00000000eab00000, 0x00000000eb000000, 0x0000000100000000)
  eden space 1536K, 100% used [0x00000000eab00000,0x00000000eac80000,0x00000000eac80000)
  from space 512K, 31% used [0x00000000eaf80000,0x00000000eafa8000,0x00000000eb000000)
  to   space 512K, 0% used [0x00000000eaf00000,0x00000000eaf00000,0x00000000eaf80000)
 ParOldGen       total 166400K, used 149740K [0x00000000c0000000, 0x00000000ca280000, 0x00000000eab00000)
  object space 166400K, 89% used [0x00000000c0000000,0x00000000c923b0d8,0x00000000ca280000)
 Metaspace       used 88661K, capacity 92600K, committed 92800K, reserved 1132544K
  class space    used 8159K, capacity 9530K, committed 9600K, reserved 1048576K
}
Event: 750.878 GC heap after
{Heap after GC invocations=3135 (full 39):
 PSYoungGen      total 2048K, used 192K [0x00000000eab00000, 0x00000000eb000000, 0x0000000100000000)
  eden space 1536K, 0% used [0x00000000eab00000,0x00000000eab00000,0x00000000eac80000)
  from space 512K, 37% used [0x00000000eaf00000,0x00000000eaf30000,0x00000000eaf80000)
  to   space 512K, 0% used [0x00000000eaf80000,0x00000000eaf80000,0x00000000eb000000)
 ParOldGen       total 166400K, used 149804K [0x00000000c0000000, 0x00000000ca280000, 0x00000000eab00000)
  object space 166400K, 90% used [0x00000000c0000000,0x00000000c924b0d8,0x00000000ca280000)
 Metaspace       used 88661K, capacity 92600K, committed 92800K, reserved 1132544K
  class space    used 8159K, capacity 9530K, committed 9600K, reserved 1048576K
}
Event: 755.451 GC heap before
{Heap before GC invocations=3136 (full 39):
 PSYoungGen      total 2048K, used 1728K [0x00000000eab00000, 0x00000000eb000000, 0x0000000100000000)
  eden space 1536K, 100% used [0x00000000eab00000,0x00000000eac80000,0x00000000eac80000)
  from space 512K, 37% used [0x00000000eaf00000,0x00000000eaf30000,0x00000000eaf80000)
  to   space 512K, 0% used [0x00000000eaf80000,0x00000000eaf80000,0x00000000eb000000)
 ParOldGen       total 166400K, used 149804K [0x00000000c0000000, 0x00000000ca280000, 0x00000000eab00000)
  object space 166400K, 90% used [0x00000000c0000000,0x00000000c924b0d8,0x00000000ca280000)
 Metaspace       used 88672K, capacity 92665K, committed 92800K, reserved 1132544K
  class space    used 8159K, capacity 9530K, committed 9600K, reserved 1048576K
}
Event: 755.452 GC heap after
{Heap after GC invocations=3136 (full 39):
 PSYoungGen      total 2048K, used 320K [0x00000000eab00000, 0x00000000eb000000, 0x0000000100000000)
  eden space 1536K, 0% used [0x00000000eab00000,0x00000000eab00000,0x00000000eac80000)
  from space 512K, 62% used [0x00000000eaf80000,0x00000000eafd0020,0x00000000eb000000)
  to   space 512K, 0% used [0x00000000eaf00000,0x00000000eaf00000,0x00000000eaf80000)
 ParOldGen       total 166400K, used 149884K [0x00000000c0000000, 0x00000000ca280000, 0x00000000eab00000)
  object space 166400K, 90% used [0x00000000c0000000,0x00000000c925f0d8,0x00000000ca280000)
 Metaspace       used 88672K, capacity 92665K, committed 92800K, reserved 1132544K
  class space    used 8159K, capacity 9530K, committed 9600K, reserved 1048576K
}
Event: 755.463 GC heap before
{Heap before GC invocations=3137 (full 39):
 PSYoungGen      total 2048K, used 1855K [0x00000000eab00000, 0x00000000eb000000, 0x0000000100000000)
  eden space 1536K, 99% used [0x00000000eab00000,0x00000000eac7ffc0,0x00000000eac80000)
  from space 512K, 62% used [0x00000000eaf80000,0x00000000eafd0020,0x00000000eb000000)
  to   space 512K, 0% used [0x00000000eaf00000,0x00000000eaf00000,0x00000000eaf80000)
 ParOldGen       total 166400K, used 149884K [0x00000000c0000000, 0x00000000ca280000, 0x00000000eab00000)
  object space 166400K, 90% used [0x00000000c0000000,0x00000000c925f0d8,0x00000000ca280000)
 Metaspace       used 88672K, capacity 92665K, committed 92800K, reserved 1132544K
  class space    used 8159K, capacity 9530K, committed 9600K, reserved 1048576K
}
Event: 755.464 GC heap after
{Heap after GC invocations=3137 (full 39):
 PSYoungGen      total 2048K, used 160K [0x00000000eab00000, 0x00000000eb000000, 0x0000000100000000)
  eden space 1536K, 0% used [0x00000000eab00000,0x00000000eab00000,0x00000000eac80000)
  from space 512K, 31% used [0x00000000eaf00000,0x00000000eaf28000,0x00000000eaf80000)
  to   space 512K, 0% used [0x00000000eaf80000,0x00000000eaf80000,0x00000000eb000000)
 ParOldGen       total 166400K, used 150044K [0x00000000c0000000, 0x00000000ca280000, 0x00000000eab00000)
  object space 166400K, 90% used [0x00000000c0000000,0x00000000c92870e8,0x00000000ca280000)
 Metaspace       used 88672K, capacity 92665K, committed 92800K, reserved 1132544K
  class space    used 8159K, capacity 9530K, committed 9600K, reserved 1048576K
}

